<?xml version="1.0" encoding="UTF-8"?>
<coverage generated="1479996520108" clover="3.2.0">
  <project timestamp="1479996520108" name="All files">
    <metrics statements="33" coveredstatements="27" conditionals="11" coveredconditionals="9" methods="17" coveredmethods="12" elements="61" coveredelements="48" complexity="0" loc="33" ncloc="33" packages="4" files="4" classes="4">
      <package name="app">
        <metrics statements="9" coveredstatements="6" conditionals="2" coveredconditionals="1" methods="7" coveredmethods="4"/>
        <file name="App.js" path="/Users/Carly/Documents/Portfolio/vertical-horizontal-mix-scroll/src/app/App.js">
          <metrics statements="9" coveredstatements="6" conditionals="2" coveredconditionals="1" methods="7" coveredmethods="4"/>
          <line num="11" count="1" type="stmt"/>
          <line num="15" count="1" type="stmt"/>
          <line num="16" count="4" type="stmt"/>
          <line num="21" count="1" type="stmt"/>
          <line num="22" count="1" type="stmt"/>
          <line num="31" count="1" type="stmt"/>
          <line num="37" count="0" type="stmt"/>
          <line num="43" count="0" type="stmt"/>
          <line num="44" count="0" type="stmt"/>
        </file>
      </package>
      <package name="app.actions">
        <metrics statements="12" coveredstatements="10" conditionals="0" coveredconditionals="0" methods="7" coveredmethods="5"/>
        <file name="ConfigActions.js" path="/Users/Carly/Documents/Portfolio/vertical-horizontal-mix-scroll/src/app/actions/ConfigActions.js">
          <metrics statements="12" coveredstatements="10" conditionals="0" coveredconditionals="0" methods="7" coveredmethods="5"/>
          <line num="4" count="3" type="stmt"/>
          <line num="6" count="1" type="stmt"/>
          <line num="11" count="3" type="stmt"/>
          <line num="13" count="1" type="stmt"/>
          <line num="19" count="3" type="stmt"/>
          <line num="21" count="0" type="stmt"/>
          <line num="29" count="1" type="stmt"/>
          <line num="30" count="1" type="stmt"/>
          <line num="31" count="1" type="stmt"/>
          <line num="33" count="1" type="stmt"/>
          <line num="36" count="1" type="stmt"/>
          <line num="39" count="0" type="stmt"/>
        </file>
      </package>
      <package name="app.reducers">
        <metrics statements="7" coveredstatements="7" conditionals="5" coveredconditionals="5" methods="1" coveredmethods="1"/>
        <file name="ConfigReducer.js" path="/Users/Carly/Documents/Portfolio/vertical-horizontal-mix-scroll/src/app/reducers/ConfigReducer.js">
          <metrics statements="7" coveredstatements="7" conditionals="5" coveredconditionals="5" methods="1" coveredmethods="1"/>
          <line num="3" count="1" type="stmt"/>
          <line num="13" count="4" type="stmt"/>
          <line num="15" count="4" type="stmt"/>
          <line num="17" count="1" type="stmt"/>
          <line num="23" count="1" type="stmt"/>
          <line num="31" count="1" type="stmt"/>
          <line num="37" count="1" type="stmt"/>
        </file>
      </package>
      <package name="app.utils">
        <metrics statements="5" coveredstatements="4" conditionals="4" coveredconditionals="3" methods="2" coveredmethods="2"/>
        <file name="Fetch.js" path="/Users/Carly/Documents/Portfolio/vertical-horizontal-mix-scroll/src/app/utils/Fetch.js">
          <metrics statements="5" coveredstatements="4" conditionals="4" coveredconditionals="3" methods="2" coveredmethods="2"/>
          <line num="2" count="1" type="stmt"/>
          <line num="3" count="1" type="stmt"/>
          <line num="4" count="1" type="stmt"/>
          <line num="7" count="0" type="stmt"/>
          <line num="11" count="1" type="stmt"/>
        </file>
      </package>
    </metrics>
  </project>
</coverage>
