{"/Users/Carly/Documents/Portfolio/vertical-horizontal-mix-scroll/src/app/App.js": {"path":"/Users/Carly/Documents/Portfolio/vertical-horizontal-mix-scroll/src/app/App.js","statementMap":{"0":{"start":{"line":11,"column":4},"end":{"line":11,"column":31}},"1":{"start":{"line":15,"column":4},"end":{"line":17,"column":7}},"2":{"start":{"line":16,"column":6},"end":{"line":16,"column":46}},"3":{"start":{"line":21,"column":23},"end":{"line":21,"column":33}},"4":{"start":{"line":22,"column":4},"end":{"line":27,"column":6}},"5":{"start":{"line":31,"column":0},"end":{"line":34,"column":2}},"6":{"start":{"line":37,"column":2},"end":{"line":39,"column":3}},"7":{"start":{"line":43,"column":2},"end":{"line":45,"column":3}},"8":{"start":{"line":44,"column":25},"end":{"line":44,"column":50}}},"fnMap":{"0":{"name":"(anonymous_0)","decl":{"start":{"line":10,"column":2},"end":{"line":10,"column":3}},"loc":{"start":{"line":10,"column":22},"end":{"line":12,"column":3}}},"1":{"name":"(anonymous_1)","decl":{"start":{"line":14,"column":2},"end":{"line":14,"column":3}},"loc":{"start":{"line":14,"column":30},"end":{"line":18,"column":3}}},"2":{"name":"(anonymous_2)","decl":{"start":{"line":15,"column":22},"end":{"line":15,"column":23}},"loc":{"start":{"line":15,"column":42},"end":{"line":17,"column":5}}},"3":{"name":"(anonymous_3)","decl":{"start":{"line":20,"column":2},"end":{"line":20,"column":3}},"loc":{"start":{"line":20,"column":11},"end":{"line":28,"column":3}}},"4":{"name":"mapStateToProps","decl":{"start":{"line":36,"column":9},"end":{"line":36,"column":24}},"loc":{"start":{"line":36,"column":32},"end":{"line":40,"column":1}}},"5":{"name":"mapDispatchToProps","decl":{"start":{"line":42,"column":9},"end":{"line":42,"column":27}},"loc":{"start":{"line":42,"column":38},"end":{"line":46,"column":1}}},"6":{"name":"(anonymous_6)","decl":{"start":{"line":44,"column":19},"end":{"line":44,"column":20}},"loc":{"start":{"line":44,"column":25},"end":{"line":44,"column":50}}}},"branchMap":{"0":{"loc":{"start":{"line":25,"column":10},"end":{"line":25,"column":83}},"type":"cond-expr","locations":[{"start":{"line":25,"column":19},"end":{"line":25,"column":59}},{"start":{"line":25,"column":62},"end":{"line":25,"column":83}}]}},"s":{"0":1,"1":1,"2":4,"3":1,"4":1,"5":1,"6":0,"7":0,"8":0},"f":{"0":1,"1":1,"2":4,"3":1,"4":0,"5":0,"6":0},"b":{"0":[1,0]},"_coverageSchema":"332fd63041d2c1bcb487cc26dd0d5f7d97098a6c","hash":"6503cfb3bda7325b42cfd5f71ecd38ad87a9b621"}
,"/Users/Carly/Documents/Portfolio/vertical-horizontal-mix-scroll/src/app/actions/ConfigActions.js": {"path":"/Users/Carly/Documents/Portfolio/vertical-horizontal-mix-scroll/src/app/actions/ConfigActions.js","statementMap":{"0":{"start":{"line":4,"column":30},"end":{"line":4,"column":46}},"1":{"start":{"line":6,"column":2},"end":{"line":8,"column":3}},"2":{"start":{"line":11,"column":30},"end":{"line":11,"column":46}},"3":{"start":{"line":13,"column":2},"end":{"line":16,"column":3}},"4":{"start":{"line":19,"column":30},"end":{"line":19,"column":46}},"5":{"start":{"line":21,"column":2},"end":{"line":24,"column":3}},"6":{"start":{"line":29,"column":2},"end":{"line":41,"column":3}},"7":{"start":{"line":30,"column":4},"end":{"line":30,"column":30}},"8":{"start":{"line":31,"column":22},"end":{"line":31,"column":65}},"9":{"start":{"line":33,"column":4},"end":{"line":40,"column":9}},"10":{"start":{"line":36,"column":8},"end":{"line":36,"column":42}},"11":{"start":{"line":39,"column":8},"end":{"line":39,"column":49}}},"fnMap":{"0":{"name":"configRequest","decl":{"start":{"line":5,"column":16},"end":{"line":5,"column":29}},"loc":{"start":{"line":5,"column":32},"end":{"line":9,"column":1}}},"1":{"name":"configSuccess","decl":{"start":{"line":12,"column":16},"end":{"line":12,"column":29}},"loc":{"start":{"line":12,"column":39},"end":{"line":17,"column":1}}},"2":{"name":"configFailure","decl":{"start":{"line":20,"column":16},"end":{"line":20,"column":29}},"loc":{"start":{"line":20,"column":37},"end":{"line":25,"column":1}}},"3":{"name":"requestConfig","decl":{"start":{"line":27,"column":16},"end":{"line":27,"column":29}},"loc":{"start":{"line":27,"column":32},"end":{"line":42,"column":1}}},"4":{"name":"(anonymous_4)","decl":{"start":{"line":29,"column":9},"end":{"line":29,"column":10}},"loc":{"start":{"line":29,"column":21},"end":{"line":41,"column":3}}},"5":{"name":"(anonymous_5)","decl":{"start":{"line":35,"column":12},"end":{"line":35,"column":13}},"loc":{"start":{"line":35,"column":23},"end":{"line":37,"column":7}}},"6":{"name":"(anonymous_6)","decl":{"start":{"line":38,"column":13},"end":{"line":38,"column":14}},"loc":{"start":{"line":38,"column":25},"end":{"line":40,"column":7}}}},"branchMap":{},"s":{"0":3,"1":1,"2":3,"3":1,"4":3,"5":0,"6":1,"7":1,"8":1,"9":1,"10":1,"11":0},"f":{"0":1,"1":1,"2":0,"3":1,"4":1,"5":1,"6":0},"b":{},"_coverageSchema":"332fd63041d2c1bcb487cc26dd0d5f7d97098a6c","hash":"5717b43548e80bc35aff3030f66c3edb832cc44e"}
,"/Users/Carly/Documents/Portfolio/vertical-horizontal-mix-scroll/src/app/reducers/ConfigReducer.js": {"path":"/Users/Carly/Documents/Portfolio/vertical-horizontal-mix-scroll/src/app/reducers/ConfigReducer.js","statementMap":{"0":{"start":{"line":3,"column":21},"end":{"line":10,"column":1}},"1":{"start":{"line":13,"column":35},"end":{"line":13,"column":41}},"2":{"start":{"line":15,"column":4},"end":{"line":38,"column":5}},"3":{"start":{"line":17,"column":12},"end":{"line":21,"column":15}},"4":{"start":{"line":23,"column":12},"end":{"line":29,"column":15}},"5":{"start":{"line":31,"column":12},"end":{"line":35,"column":15}},"6":{"start":{"line":37,"column":12},"end":{"line":37,"column":25}}},"fnMap":{"0":{"name":"config","decl":{"start":{"line":12,"column":16},"end":{"line":12,"column":22}},"loc":{"start":{"line":12,"column":55},"end":{"line":39,"column":1}}}},"branchMap":{"0":{"loc":{"start":{"line":12,"column":24},"end":{"line":12,"column":44}},"type":"default-arg","locations":[{"start":{"line":12,"column":32},"end":{"line":12,"column":44}}]},"1":{"loc":{"start":{"line":15,"column":4},"end":{"line":38,"column":5}},"type":"switch","locations":[{"start":{"line":16,"column":8},"end":{"line":21,"column":15}},{"start":{"line":22,"column":8},"end":{"line":29,"column":15}},{"start":{"line":30,"column":8},"end":{"line":35,"column":15}},{"start":{"line":36,"column":8},"end":{"line":37,"column":25}}]}},"s":{"0":1,"1":4,"2":4,"3":1,"4":1,"5":1,"6":1},"f":{"0":4},"b":{"0":[1],"1":[1,1,1,1]},"_coverageSchema":"332fd63041d2c1bcb487cc26dd0d5f7d97098a6c","hash":"2207b0351ff439644d82935afaaa495ac15447f6"}
,"/Users/Carly/Documents/Portfolio/vertical-horizontal-mix-scroll/src/app/utils/Fetch.js": {"path":"/Users/Carly/Documents/Portfolio/vertical-horizontal-mix-scroll/src/app/utils/Fetch.js","statementMap":{"0":{"start":{"line":2,"column":18},"end":{"line":9,"column":6}},"1":{"start":{"line":3,"column":6},"end":{"line":8,"column":7}},"2":{"start":{"line":4,"column":8},"end":{"line":4,"column":33}},"3":{"start":{"line":7,"column":8},"end":{"line":7,"column":24}},"4":{"start":{"line":11,"column":2},"end":{"line":11,"column":17}}},"fnMap":{"0":{"name":"getResponse","decl":{"start":{"line":1,"column":16},"end":{"line":1,"column":27}},"loc":{"start":{"line":1,"column":38},"end":{"line":12,"column":1}}},"1":{"name":"(anonymous_1)","decl":{"start":{"line":2,"column":30},"end":{"line":2,"column":31}},"loc":{"start":{"line":2,"column":51},"end":{"line":9,"column":5}}}},"branchMap":{"0":{"loc":{"start":{"line":3,"column":6},"end":{"line":8,"column":7}},"type":"if","locations":[{"start":{"line":3,"column":6},"end":{"line":8,"column":7}},{"start":{"line":3,"column":6},"end":{"line":8,"column":7}}]},"1":{"loc":{"start":{"line":3,"column":9},"end":{"line":3,"column":56}},"type":"binary-expr","locations":[{"start":{"line":3,"column":9},"end":{"line":3,"column":31}},{"start":{"line":3,"column":35},"end":{"line":3,"column":56}}]}},"s":{"0":1,"1":1,"2":1,"3":0,"4":1},"f":{"0":1,"1":1},"b":{"0":[1,0],"1":[1,1]},"_coverageSchema":"332fd63041d2c1bcb487cc26dd0d5f7d97098a6c","hash":"74dc5209373f1ea18c9c0bf8f2771cb658036ce5"}
}
