TN:
SF:/Users/Carly/Documents/Portfolio/vertical-horizontal-mix-scroll/src/app/App.js
FN:10,(anonymous_0)
FN:14,(anonymous_1)
FN:15,(anonymous_2)
FN:20,(anonymous_3)
FN:36,mapStateToProps
FN:42,mapDispatchToProps
FN:44,(anonymous_6)
FNF:7
FNH:4
FNDA:1,(anonymous_0)
FNDA:1,(anonymous_1)
FNDA:4,(anonymous_2)
FNDA:1,(anonymous_3)
FNDA:0,mapStateToProps
FNDA:0,mapDispatchToProps
FNDA:0,(anonymous_6)
DA:11,1
DA:15,1
DA:16,4
DA:21,1
DA:22,1
DA:31,1
DA:37,0
DA:43,0
DA:44,0
LF:9
LH:6
BRDA:25,0,0,1
BRDA:25,0,1,0
BRF:2
BRH:1
end_of_record
TN:
SF:/Users/Carly/Documents/Portfolio/vertical-horizontal-mix-scroll/src/app/actions/ConfigActions.js
FN:5,configRequest
FN:12,configSuccess
FN:20,configFailure
FN:27,requestConfig
FN:29,(anonymous_4)
FN:35,(anonymous_5)
FN:38,(anonymous_6)
FNF:7
FNH:5
FNDA:1,configRequest
FNDA:1,configSuccess
FNDA:0,configFailure
FNDA:1,requestConfig
FNDA:1,(anonymous_4)
FNDA:1,(anonymous_5)
FNDA:0,(anonymous_6)
DA:4,3
DA:6,1
DA:11,3
DA:13,1
DA:19,3
DA:21,0
DA:29,1
DA:30,1
DA:31,1
DA:33,1
DA:36,1
DA:39,0
LF:12
LH:10
BRF:0
BRH:0
end_of_record
TN:
SF:/Users/Carly/Documents/Portfolio/vertical-horizontal-mix-scroll/src/app/reducers/ConfigReducer.js
FN:12,config
FNF:1
FNH:1
FNDA:4,config
DA:3,1
DA:13,4
DA:15,4
DA:17,1
DA:23,1
DA:31,1
DA:37,1
LF:7
LH:7
BRDA:12,0,0,1
BRDA:15,1,0,1
BRDA:15,1,1,1
BRDA:15,1,2,1
BRDA:15,1,3,1
BRF:5
BRH:5
end_of_record
TN:
SF:/Users/Carly/Documents/Portfolio/vertical-horizontal-mix-scroll/src/app/utils/Fetch.js
FN:1,getResponse
FN:2,(anonymous_1)
FNF:2
FNH:2
FNDA:1,getResponse
FNDA:1,(anonymous_1)
DA:2,1
DA:3,1
DA:4,1
DA:7,0
DA:11,1
LF:5
LH:4
BRDA:3,0,0,1
BRDA:3,0,1,0
BRDA:3,1,0,1
BRDA:3,1,1,1
BRF:4
BRH:3
end_of_record
